<?xml version="1.0" encoding="UTF-8"?>
<testsuite xmlns:xsi="http://www.w3.org/2001/XMLSchema-instance" xsi:noNamespaceSchemaLocation="https://maven.apache.org/surefire/maven-surefire-plugin/xsd/surefire-test-report-3.0.xsd" version="3.0" name="pl.sda.library.BibliotekaApplicationTests" time="3.143" tests="1" errors="0" skipped="0" failures="0">
  <properties>
[...]
</properties>
  <testcase name="contextLoads" classname="pl.sda.library.BibliotekaApplicationTests" time="0.073">
    <system-out><![CDATA[12:51:01.514 [main] DEBUG org.springframework.test.context.BootstrapUtils - Instantiating CacheAwareContextLoaderDelegate from class [org.springframework.test.context.cache.DefaultCacheAwareContextLoaderDelegate]
12:51:01.521 [main] DEBUG org.springframework.test.context.BootstrapUtils - Instantiating BootstrapContext using constructor [public org.springframework.test.context.support.DefaultBootstrapContext(java.lang.Class,org.springframework.test.context.CacheAwareContextLoaderDelegate)]
12:51:01.547 [main] DEBUG org.springframework.test.context.BootstrapUtils - Instantiating TestContextBootstrapper for test class [pl.sda.library.BibliotekaApplicationTests] from class [org.springframework.boot.test.context.SpringBootTestContextBootstrapper]
12:51:01.554 [main] INFO org.springframework.boot.test.context.SpringBootTestContextBootstrapper - Neither @ContextConfiguration nor @ContextHierarchy found for test class [pl.sda.library.BibliotekaApplicationTests], using SpringBootContextLoader
12:51:01.556 [main] DEBUG org.springframework.test.context.support.AbstractContextLoader - Did not detect default resource location for test class [pl.sda.library.BibliotekaApplicationTests]: class path resource [pl/sda/library/BibliotekaApplicationTests-context.xml] does not exist
12:51:01.556 [main] DEBUG org.springframework.test.context.support.AbstractContextLoader - Did not detect default resource location for test class [pl.sda.library.BibliotekaApplicationTests]: class path resource [pl/sda/library/BibliotekaApplicationTestsContext.groovy] does not exist
12:51:01.556 [main] INFO org.springframework.test.context.support.AbstractContextLoader - Could not detect default resource locations for test class [pl.sda.library.BibliotekaApplicationTests]: no resource found for suffixes {-context.xml, Context.groovy}.
12:51:01.588 [main] DEBUG org.springframework.test.context.support.ActiveProfilesUtils - Could not find an 'annotation declaring class' for annotation type [org.springframework.test.context.ActiveProfiles] and class [pl.sda.library.BibliotekaApplicationTests]
12:51:01.669 [main] DEBUG org.springframework.boot.test.context.SpringBootTestContextBootstrapper - @TestExecutionListeners is not present for class [pl.sda.library.BibliotekaApplicationTests]: using defaults.
12:51:01.669 [main] INFO org.springframework.boot.test.context.SpringBootTestContextBootstrapper - Loaded default TestExecutionListener class names from location [META-INF/spring.factories]: [org.springframework.boot.test.mock.mockito.MockitoTestExecutionListener, org.springframework.boot.test.mock.mockito.ResetMocksTestExecutionListener, org.springframework.boot.test.autoconfigure.restdocs.RestDocsTestExecutionListener, org.springframework.boot.test.autoconfigure.web.client.MockRestServiceServerResetTestExecutionListener, org.springframework.boot.test.autoconfigure.web.servlet.MockMvcPrintOnlyOnFailureTestExecutionListener, org.springframework.boot.test.autoconfigure.web.servlet.WebDriverTestExecutionListener, org.springframework.boot.test.autoconfigure.webservices.client.MockWebServiceServerTestExecutionListener, org.springframework.test.context.web.ServletTestExecutionListener, org.springframework.test.context.support.DirtiesContextBeforeModesTestExecutionListener, org.springframework.test.context.event.ApplicationEventsTestExecutionListener, org.springframework.test.context.support.DependencyInjectionTestExecutionListener, org.springframework.test.context.support.DirtiesContextTestExecutionListener, org.springframework.test.context.transaction.TransactionalTestExecutionListener, org.springframework.test.context.jdbc.SqlScriptsTestExecutionListener, org.springframework.test.context.event.EventPublishingTestExecutionListener]
12:51:01.678 [main] INFO org.springframework.boot.test.context.SpringBootTestContextBootstrapper - Using TestExecutionListeners: [org.springframework.test.context.web.ServletTestExecutionListener@60df60da, org.springframework.test.context.support.DirtiesContextBeforeModesTestExecutionListener@5a2d131d, org.springframework.test.context.event.ApplicationEventsTestExecutionListener@14fc1f0, org.springframework.boot.test.mock.mockito.MockitoTestExecutionListener@4ae9cfc1, org.springframework.boot.test.autoconfigure.SpringBootDependencyInjectionTestExecutionListener@512baff6, org.springframework.test.context.support.DirtiesContextTestExecutionListener@632ceb35, org.springframework.test.context.transaction.TransactionalTestExecutionListener@1c93f6e1, org.springframework.test.context.jdbc.SqlScriptsTestExecutionListener@1800a575, org.springframework.test.context.event.EventPublishingTestExecutionListener@1458ed9c, org.springframework.boot.test.mock.mockito.ResetMocksTestExecutionListener@10a9d961, org.springframework.boot.test.autoconfigure.restdocs.RestDocsTestExecutionListener@130e116b, org.springframework.boot.test.autoconfigure.web.client.MockRestServiceServerResetTestExecutionListener@e383572, org.springframework.boot.test.autoconfigure.web.servlet.MockMvcPrintOnlyOnFailureTestExecutionListener@5ddf0d24, org.springframework.boot.test.autoconfigure.web.servlet.WebDriverTestExecutionListener@363a52f, org.springframework.boot.test.autoconfigure.webservices.client.MockWebServiceServerTestExecutionListener@60856961]
12:51:01.680 [main] DEBUG org.springframework.test.context.support.AbstractDirtiesContextTestExecutionListener - Before test class: context [DefaultTestContext@4b23c30a testClass = BibliotekaApplicationTests, testInstance = [null], testMethod = [null], testException = [null], mergedContextConfiguration = [WebMergedContextConfiguration@38089a5a testClass = BibliotekaApplicationTests, locations = '{}', classes = '{class pl.sda.library.app.BibliotekaApplication}', contextInitializerClasses = '[]', activeProfiles = '{}', propertySourceLocations = '{}', propertySourceProperties = '{org.springframework.boot.test.context.SpringBootTestContextBootstrapper=true}', contextCustomizers = set[org.springframework.boot.test.context.filter.ExcludeFilterContextCustomizer@76a4ebf2, org.springframework.boot.test.json.DuplicateJsonObjectContextCustomizerFactory$DuplicateJsonObjectContextCustomizer@5b1669c0, org.springframework.boot.test.mock.mockito.MockitoContextCustomizer@0, org.springframework.boot.test.web.client.TestRestTemplateContextCustomizer@3b0fe47a, org.springframework.boot.test.autoconfigure.actuate.metrics.MetricsExportContextCustomizerFactory$DisableMetricExportContextCustomizer@663c9e7a, org.springframework.boot.test.autoconfigure.properties.PropertyMappingContextCustomizer@0, org.springframework.boot.test.autoconfigure.web.servlet.WebDriverContextCustomizerFactory$Customizer@5afa3c9, org.springframework.boot.test.context.SpringBootTestArgs@1, org.springframework.boot.test.context.SpringBootTestWebEnvironment@2f490758], resourceBasePath = 'src/main/webapp', contextLoader = 'org.springframework.boot.test.context.SpringBootContextLoader', parent = [null]], attributes = map['org.springframework.test.context.web.ServletTestExecutionListener.activateListener' -> true]], class annotated with @DirtiesContext [false] with mode [null].

  .   ____          _            __ _ _
 /\\ / ___'_ __ _ _(_)_ __  __ _ \ \ \ \
( ( )\___ | '_ | '_| | '_ \/ _` | \ \ \ \
 \\/  ___)| |_)| | | | | || (_| |  ) ) ) )
  '  |____| .__|_| |_|_| |_\__, | / / / /
 =========|_|==============|___/=/_/_/_/
 :: Spring Boot ::                (v2.7.2)

2024-07-09 12:51:01.993  INFO 9344 --- [           main] p.s.library.BibliotekaApplicationTests   : Starting BibliotekaApplicationTests using Java 22.0.1 on AP9697 with PID 9344 (started by Adrian in A:\02. CodeHub\03. Developer Java\JavaStart\Projekt Końcowy\01. Biblioteka)
2024-07-09 12:51:01.994  INFO 9344 --- [           main] p.s.library.BibliotekaApplicationTests   : No active profile set, falling back to 1 default profile: "default"
2024-07-09 12:51:02.456  INFO 9344 --- [           main] .s.d.r.c.RepositoryConfigurationDelegate : Bootstrapping Spring Data JPA repositories in DEFAULT mode.
2024-07-09 12:51:02.467  INFO 9344 --- [           main] .s.d.r.c.RepositoryConfigurationDelegate : Finished Spring Data repository scanning in 4 ms. Found 0 JPA repository interfaces.
2024-07-09 12:51:02.917  INFO 9344 --- [           main] o.hibernate.jpa.internal.util.LogHelper  : HHH000204: Processing PersistenceUnitInfo [name: default]
2024-07-09 12:51:02.952  INFO 9344 --- [           main] org.hibernate.Version                    : HHH000412: Hibernate ORM core version 5.6.10.Final
2024-07-09 12:51:03.056  INFO 9344 --- [           main] o.hibernate.annotations.common.Version   : HCANN000001: Hibernate Commons Annotations {5.1.2.Final}
2024-07-09 12:51:03.133  INFO 9344 --- [           main] com.zaxxer.hikari.HikariDataSource       : HikariPool-1 - Starting...
2024-07-09 12:51:03.428  INFO 9344 --- [           main] com.zaxxer.hikari.HikariDataSource       : HikariPool-1 - Start completed.
2024-07-09 12:51:03.441  INFO 9344 --- [           main] org.hibernate.dialect.Dialect            : HHH000400: Using dialect: org.hibernate.dialect.MySQL5Dialect
2024-07-09 12:51:03.610  INFO 9344 --- [           main] o.h.e.t.j.p.i.JtaPlatformInitiator       : HHH000490: Using JtaPlatform implementation: [org.hibernate.engine.transaction.jta.platform.internal.NoJtaPlatform]
2024-07-09 12:51:03.618  INFO 9344 --- [           main] j.LocalContainerEntityManagerFactoryBean : Initialized JPA EntityManagerFactory for persistence unit 'default'
2024-07-09 12:51:03.804  WARN 9344 --- [           main] JpaBaseConfiguration$JpaWebConfiguration : spring.jpa.open-in-view is enabled by default. Therefore, database queries may be performed during view rendering. Explicitly configure spring.jpa.open-in-view to disable this warning
2024-07-09 12:51:04.021  INFO 9344 --- [           main] o.s.b.a.w.s.WelcomePageHandlerMapping    : Adding welcome page template: index
2024-07-09 12:51:04.453  INFO 9344 --- [           main] o.s.s.web.DefaultSecurityFilterChain     : Will not secure any request
2024-07-09 12:51:04.525  INFO 9344 --- [           main] p.s.library.BibliotekaApplicationTests   : Started BibliotekaApplicationTests in 2.818 seconds (JVM running for 3.435)
]]></system-out>
  </testcase>
</testsuite>